mutasol:info: original {srcName:Vitaluck.sol,compilerVersion:0.4.19,keepFailures:false,maxMut:50,maxNrTries:500,maxOrg:1,selectFlags:[a,b,c,d,e,f,g,h,i,j,k,l,m,n,o,p,q,r,s,t,u,v,w,x,y,z]} (#s=eeadeec38841d23016714d5571945784, #b=a9066e7d8db03281ef7090f1bd95d166)
mutasol:warning: Vitaluck.sol uses potentially non-determinstic special variable or function now in function Play
mutasol:warning: Vitaluck.sol uses potentially non-determinstic special variable or function now in function Play
mutasol:warning: Vitaluck.sol uses potentially non-determinstic special variable or function now in function Play
mutasol:warning: Vitaluck.sol uses potentially non-determinstic special variable or function now in function Play
mutasol:warning: Vitaluck.sol uses potentially non-determinstic special variable or function now in function Play
mutasol:warning: Vitaluck.sol uses potentially non-determinstic special variable or function now in function manuallyResetGame
mutasol:info: Vitaluck.sol mutation BOR (id=135, cnt=1, delta_warnings=0, #s=85a4c83abe0c35800a8962afee4f3e37, #b=e385ee9219e8d96ab261f6541278b386)
mutasol:info: Vitaluck.sol no alternative VariableDeclaration (id=29)
mutasol:info: Vitaluck.sol mutation ITSCR (id=313, cnt=2, delta_warnings=0, #s=96320feb0b288aa928d2157d086151a5, #b=fa4323bc07e95eb2a2008fcdc71ace5e)
mutasol:info: Vitaluck.sol mutation ESD (id=93, cnt=3, delta_warnings=1, #s=fcd1ac9903105d35eb4c3366337e9de4, #b=0403938baa340cff19ad4811eceb48ef)
mutasol:info: Vitaluck.sol no alternative Identifier (id=403)
mutasol:info: Vitaluck.sol mutation BOR (id=473, cnt=4, delta_warnings=0, #s=083f1f79f5e6de8f7a21602f4f56e8e9, #b=3e30d87d33e68907a304756844718666)
mutasol:info: Vitaluck.sol duplicate bytecode TRD (id=605, cnt=5, #b=a9066e7d8db03281ef7090f1bd95d166)
mutasol:info: Vitaluck.sol mutation AOR (id=99, cnt=5, delta_warnings=0, #s=dbc980e47fafc61fbe086808de6bf1ef, #b=e68331a1b156405abc4d96ec2cd6739c)
mutasol:info: Vitaluck.sol no alternative VariableDeclaration (id=308)
mutasol:info: Vitaluck.sol mutation ESD (id=324, cnt=6, delta_warnings=1, #s=f6dda22b4c6a652f3533c31c15d238b5, #b=e5c86ff3ad202ba03105a2c2cf884a0c)
mutasol:info: Vitaluck.sol mutation ESD (id=479, cnt=7, delta_warnings=1, #s=b5cbc60a09dda45a05a71b7135cae03c, #b=5f90a8f4d354f7f4c92ac8d8552003fe)
mutasol:info: Vitaluck.sol no alternative VariableDeclaration (id=561)
mutasol:info: Vitaluck.sol duplicate source ESD (id=93, cnt=8, #s=fcd1ac9903105d35eb4c3366337e9de4)
mutasol:info: Vitaluck.sol mutation ITSCR (id=246, cnt=8, delta_warnings=0, #s=f481308f98bd055dcac26090d292584d, #b=755a241cb3a358ba9b2ccf5dc569c795)
mutasol:info: Vitaluck.sol mutation ITSCR (id=319, cnt=9, delta_warnings=0, #s=31c911744bf3bd6a898c76becf1c2737, #b=805519b43840e9435b161a52ba56b6ff)
mutasol:info: Vitaluck.sol mutation ITSCR (id=179, cnt=10, delta_warnings=0, #s=b11a094a147635344debf18cd3262335, #b=08338c3b91e9e59453dc1a3fd3fc50cb)
mutasol:info: Vitaluck.sol mutation ITSCR (id=206, cnt=11, delta_warnings=0, #s=6e46e10cba97c33d5baea659bada4219, #b=6a8a1178ce1f7011ee51bfc7a060553b)
mutasol:info: Vitaluck.sol mutation LR_B (id=290, cnt=12, delta_warnings=0, #s=9fa47419daf3fd0c44eeea481b93de76, #b=ab2560a1e89c04d855e7c29a25e3eadb)
mutasol:info: Vitaluck.sol mutation ESD (id=178, cnt=13, delta_warnings=1, #s=a29f5153bedec445037c1ca47892c4c9, #b=9bec46504d4de27eb9bce75da3389640)
mutasol:info: Vitaluck.sol no alternative VariableDeclaration (id=41)
mutasol:info: Vitaluck.sol no alternative Identifier (id=146)
mutasol:info: Vitaluck.sol mutation ESD (id=187, cnt=14, delta_warnings=1, #s=351548a4f28105ac18af0cb3fb86b21c, #b=cf98b7c070d0878f2d0ff069b3014bc1)
mutasol:info: Vitaluck.sol mutation ITSCR (id=202, cnt=15, delta_warnings=0, #s=603765a02a60eb95ec6dd484b1a9a041, #b=94942248d1265869d2635910b5f7b836)
mutasol:info: Vitaluck.sol mutation BOR (id=176, cnt=16, delta_warnings=0, #s=a0a24cc4eb33119933149a3dfc352ee8, #b=cf2821d0d7d506e64c218f0d88d810e1)
mutasol:info: Vitaluck.sol no alternative VariableDeclaration (id=492)
mutasol:info: Vitaluck.sol mutation VDTSCS (id=511, cnt=17, delta_warnings=0, #s=afb38989b27b2c36008ab06848b78757, #b=ebb381521e8b005187da422b345558a4)
mutasol:info: Vitaluck.sol mutation RAR (id=228, cnt=18, delta_warnings=0, #s=4cf0c36b83813fc01578a3b529748742, #b=d09ce806ae934d840196ed8deeb048d1)
mutasol:info: Vitaluck.sol no alternative Identifier (id=121)
mutasol:info: Vitaluck.sol mutation TRD (id=604, cnt=19, delta_warnings=5, #s=eaaa7d5fe739f1420507039bbef52284, #b=26f977f5fb2701613442527cc29afaf2)
mutasol:info: Vitaluck.sol no alternative Identifier (id=586)
mutasol:info: Vitaluck.sol mutation ITSCR (id=532, cnt=20, delta_warnings=0, #s=157626abb977085d6011ba54fa0cdc67, #b=ec398b63bd200ce7cb72457eff8dda9d)
mutasol:info: Vitaluck.sol mutation ESD (id=215, cnt=21, delta_warnings=1, #s=3dc3b82d9abb8c0e4a956cbe1364603b, #b=5c73feecae43a0f5efed0f66d37fb9ee)
mutasol:info: Vitaluck.sol mutation ITSCR (id=208, cnt=22, delta_warnings=0, #s=688890ed6933d463a18039c9af7d9753, #b=1882aa04cb717265a64450d25308285f)
mutasol:info: Vitaluck.sol duplicate source BOR (id=135, cnt=23, #s=85a4c83abe0c35800a8962afee4f3e37)
mutasol:info: Vitaluck.sol duplicate bytecode TRD (id=608, cnt=23, #b=a9066e7d8db03281ef7090f1bd95d166)
mutasol:info: Vitaluck.sol no alternative VariableDeclaration (id=395)
mutasol:info: Vitaluck.sol no alternative Identifier (id=248)
mutasol:info: Vitaluck.sol mutation JSRD (id=360, cnt=23, delta_warnings=2, #s=50a182adf388ccf840eaf4f640e600ff, #b=e4c51e0642bfa6ff8072edb94178d199)
mutasol:info: Vitaluck.sol no alternative VariableDeclaration (id=549)
mutasol:info: Vitaluck.sol mutation BOR (id=137, cnt=24, delta_warnings=0, #s=4b6fc341d33e3c31ea6899d107c623d5, #b=02da1c58ef1b21b0397fe54ca3b83122)
mutasol:info: Vitaluck.sol no alternative Assignment (id=594)
mutasol:info: Vitaluck.sol mutation LR_I (id=244, cnt=25, delta_warnings=0, #s=50793575b06676dce665e8f3e446a270, #b=5a552c0c3cd32b653a50def8630ce0cd)
mutasol:info: Vitaluck.sol mutation VDTSCS (id=454, cnt=26, delta_warnings=0, #s=db17c876904abfd4a5e6ca179963da72, #b=ea4908e95a9b1bb6e923c6088523c16b)
mutasol:info: Vitaluck.sol mutation LR_I (id=516, cnt=27, delta_warnings=0, #s=2cc787766e2b75006aa850f75b4aff01, #b=5aa3a4fb0f9427b604433f207bf98409)
mutasol:info: Vitaluck.sol mutation BOR (id=311, cnt=28, delta_warnings=0, #s=998b2e526ed906f66f4e986b4221fbb5, #b=bcb7fccf3a1ea2e85d671ee947577fe7)
mutasol:info: Vitaluck.sol mutation ITSCR (id=106, cnt=29, delta_warnings=0, #s=6df81ce8fbebd99b06718ea7b311122f, #b=bcb84df747857db17f2469dd34c708b3)
mutasol:info: Vitaluck.sol compilation failed VDTSCS (id=399, cnt=30, errors=1, #s=ae2ceccbfe2f66e5c76e79cb442885c6)
mutasol:info: Vitaluck.sol no alternative Identifier (id=422)
mutasol:info: Vitaluck.sol mutation ITSCR (id=592, cnt=30, delta_warnings=0, #s=ec6cdc63cafcbcf7a6f6e8b898555df9, #b=9e1ebc8f771ac6a347492948fdd2a739)
mutasol:info: Vitaluck.sol mutation ITSCR (id=88, cnt=31, delta_warnings=0, #s=05c4d7577a634219d941b02d550c36d7, #b=0dbec27c1670cce6a1e03e2276b2ccac)
mutasol:info: Vitaluck.sol mutation VDTSCS (id=35, cnt=32, delta_warnings=0, #s=97027b690ba0e827af56fbfbe5d970da, #b=af20b430f165d1d873337da5716bf4af)
mutasol:info: Vitaluck.sol mutation ITSCR (id=200, cnt=33, delta_warnings=0, #s=a1fdbd2ad6e00eba167064fdc234cd44, #b=a6dedaa4ee6ad6622fe034b698fb4498)
mutasol:info: Vitaluck.sol mutation RAR (id=334, cnt=34, delta_warnings=0, #s=8e572b7cbeb0891c9632de7dc8b1033b, #b=c44c64faba19cc232d6d943fa974b9f3)
mutasol:info: Vitaluck.sol no alternative Identifier (id=422)
mutasol:info: Vitaluck.sol no alternative Assignment (id=219)
mutasol:info: Vitaluck.sol mutation ITSCR (id=526, cnt=35, delta_warnings=0, #s=045c007c1b7e1356c27ae7f98ae759a3, #b=6ff3204dbba007a2759fab75373bf492)
mutasol:info: Vitaluck.sol mutation ITSCR (id=380, cnt=36, delta_warnings=0, #s=ebf1a2b1057e47ecde57b432a01ccdbc, #b=54d21cb5d1bdd796a85d1336798ae7d2)
mutasol:info: Vitaluck.sol mutation ITSCR (id=310, cnt=37, delta_warnings=0, #s=044087228d2b7b5b882be65721845cd0, #b=93d8bfd3f718609007b4963be819fe11)
mutasol:info: Vitaluck.sol mutation AOR (id=323, cnt=38, delta_warnings=0, #s=e1283fe66cd6d5f027a94380d95f1f76, #b=206aee3c2d756bd9680b327eee4181fd)
mutasol:info: Vitaluck.sol mutation AOR (id=339, cnt=39, delta_warnings=0, #s=f9cf057ce6b5fcbef5e8b7cb8827f4ed, #b=6fe0c5045f8fd9660e78f89ed70c49c7)
mutasol:info: Vitaluck.sol mutation AOR (id=410, cnt=40, delta_warnings=0, #s=fb36371122a05fcb09173972250515a1, #b=4dce01d2a63a2b2de2f685bfe2b935e6)
mutasol:info: Vitaluck.sol mutation BOR (id=245, cnt=41, delta_warnings=0, #s=cd0e3b7d919b6203ffc2f17c19dbe70e, #b=f5fe6c61c3bb622519c4ab57ad069ad8)
mutasol:info: Vitaluck.sol no alternative Identifier (id=563)
mutasol:info: Vitaluck.sol mutation VDTSCS (id=7, cnt=42, delta_warnings=0, #s=4c97c267ef2e79ec881a23eed157223a, #b=34dc285c991421936a2dfd05b78a779d)
mutasol:info: Vitaluck.sol mutation BOR (id=125, cnt=43, delta_warnings=0, #s=9558fae8f32fc91adcb25619e4cd71ef, #b=56cb8d48941cb28e8922d1104d9527c1)
mutasol:info: Vitaluck.sol mutation AOR (id=117, cnt=44, delta_warnings=0, #s=697313dd2488aaf0c2cfc47b888c4dca, #b=7f56adb0240b4d08392150cce64849be)
mutasol:info: Vitaluck.sol mutation AOR (id=269, cnt=45, delta_warnings=0, #s=192315a0830f40ea671f4d51149685fb, #b=96db812331ca28004dae7c1c91b42fdb)
mutasol:info: Vitaluck.sol mutation ITSCR (id=84, cnt=46, delta_warnings=0, #s=e463d3a7cdee0035819fcd58a22b65e9, #b=ce6fac8a4eb655cf779bd8dba01f1acc)
mutasol:info: Vitaluck.sol no alternative Identifier (id=519)
mutasol:info: Vitaluck.sol duplicate source ITSCR (id=313, cnt=47, #s=96320feb0b288aa928d2157d086151a5)
mutasol:info: Vitaluck.sol no alternative Identifier (id=531)
mutasol:info: Vitaluck.sol mutation LR_A (id=6, cnt=47, delta_warnings=0, #s=baf2a7ccdb307d8bf0a8c4823b65be08, #b=851c541cdbc7ac456ecf8c2864f835ec)
mutasol:info: Vitaluck.sol mutation ITSCR (id=326, cnt=48, delta_warnings=0, #s=12063a3d5d7bae9f705b614eff8099b4, #b=71e4b3c1592dbc1a0bff6916238543b6)
mutasol:info: Vitaluck.sol mutation BOR (id=116, cnt=49, delta_warnings=0, #s=b02cf4e1a8663ce66acfa21b038538af, #b=d2818356bf2ee11e06d9b5c32f697fec)
mutasol:info: Vitaluck.sol mutation ITSCR (id=534, cnt=50, delta_warnings=0, #s=16b7705ec1e228adbba9c2222cd86bbf, #b=875b617b825cc5f6b1ed0eab0e51d551)
mutasol:info: 50 mutants out of 50 generated for 387 candidates (tce {equivalent:2,duplicate:0}, var {all:57,address:11,bool:3,byte:0,int:0,string:1,uint:39,other:3})
